<?xml version="1.0" encoding="UTF-8"?>
<testng-results total="1" passed="1" failed="0" skipped="0">
  <reporter-output>
  </reporter-output>
  <suite started-at="2022-10-12T22:01:38Z" name="Default suite" finished-at="2022-10-12T22:01:43Z" duration-ms="4275">
    <groups>
    </groups>
    <test started-at="2022-10-12T22:01:38Z" name="Default test" finished-at="2022-10-12T22:01:43Z" duration-ms="4275">
      <class name="com.sddevops.CWF_maven.eclipse.NewTest">
        <test-method is-config="true" signature="beforeTest()[pri:0, instance:com.sddevops.CWF_maven.eclipse.NewTest@6c0d7c83]" started-at="2022-10-12T15:01:38Z" name="beforeTest" finished-at="2022-10-12T15:01:42Z" duration-ms="3133" status="PASS">
          <reporter-output>
          </reporter-output>
        </test-method> <!-- beforeTest -->
        <test-method signature="checkTitle2()[pri:0, instance:com.sddevops.CWF_maven.eclipse.NewTest@6c0d7c83]" started-at="2022-10-12T15:01:42Z" name="checkTitle2" finished-at="2022-10-12T15:01:43Z" duration-ms="1119" status="PASS">
          <reporter-output>
          </reporter-output>
        </test-method> <!-- checkTitle2 -->
        <test-method is-config="true" signature="afterTest()[pri:0, instance:com.sddevops.CWF_maven.eclipse.NewTest@6c0d7c83]" started-at="2022-10-12T15:01:43Z" name="afterTest" finished-at="2022-10-12T15:01:43Z" duration-ms="0" status="PASS">
          <reporter-output>
          </reporter-output>
        </test-method> <!-- afterTest -->
      </class> <!-- com.sddevops.CWF_maven.eclipse.NewTest -->
    </test> <!-- Default test -->
  </suite> <!-- Default suite -->
</testng-results>
