<?xml version="1.0" encoding="UTF-8"?>
<testng-results total="1" passed="1" failed="0" skipped="0">
  <reporter-output>
  </reporter-output>
  <suite started-at="2022-10-04T21:03:48Z" name="Default suite" finished-at="2022-10-04T21:03:53Z" duration-ms="5083">
    <groups>
    </groups>
    <test started-at="2022-10-04T21:03:48Z" name="Default test" finished-at="2022-10-04T21:03:53Z" duration-ms="5083">
      <class name="com.sddevops.CWF_maven.eclipse.NewTest">
        <test-method is-config="true" signature="beforeTest()[pri:0, instance:com.sddevops.CWF_maven.eclipse.NewTest@6e15fe2]" started-at="2022-10-04T14:03:48Z" name="beforeTest" finished-at="2022-10-04T14:03:51Z" duration-ms="3082" status="PASS">
          <reporter-output>
          </reporter-output>
        </test-method> <!-- beforeTest -->
        <test-method signature="checkTitle()[pri:0, instance:com.sddevops.CWF_maven.eclipse.NewTest@6e15fe2]" started-at="2022-10-04T14:03:51Z" name="checkTitle" finished-at="2022-10-04T14:03:53Z" duration-ms="1975" status="PASS">
          <reporter-output>
          </reporter-output>
        </test-method> <!-- checkTitle -->
        <test-method is-config="true" signature="afterTest()[pri:0, instance:com.sddevops.CWF_maven.eclipse.NewTest@6e15fe2]" started-at="2022-10-04T14:03:53Z" name="afterTest" finished-at="2022-10-04T14:03:53Z" duration-ms="0" status="PASS">
          <reporter-output>
          </reporter-output>
        </test-method> <!-- afterTest -->
      </class> <!-- com.sddevops.CWF_maven.eclipse.NewTest -->
    </test> <!-- Default test -->
  </suite> <!-- Default suite -->
</testng-results>
